<?xml version="1.0" encoding="UTF-8"?>
<!-- Generated by org.testng.reporters.JUnitXMLReporter -->
<testsuite hostname="LAPTOP-HM1EOULJ" ignored="0" name="Test" tests="5" failures="0" timestamp="02 Oct 2018 15:11:42 GMT" time="94.217" errors="0">
  <testcase name="basePageNavigation" time="0.124" classname="Academy.validateTitle"/>
  <testcase name="basePageNavigation" time="20.951" classname="Academy.HomePage"/>
  <testcase name="basePageNavigation" time="28.59" classname="Academy.HomePage"/>
  <testcase name="basePageNavigation" time="4.562" classname="Academy.HomePage"/>
  <testcase name="basePageNavigation" time="0.049" classname="Academy.validateNavigationBar"/>
</testsuite> <!-- Test -->
