<?xml version="1.0" encoding="UTF-8"?>
<!-- Generated by org.testng.reporters.JUnitXMLReporter -->
<testsuite hostname="LAPTOP-HM1EOULJ" ignored="0" name="Test Home" tests="3" failures="0" timestamp="03 Oct 2018 14:48:20 GMT" time="24.705" errors="0">
  <testcase name="basePageNavigation" time="11.147" classname="Academy.HomePage"/>
  <testcase name="basePageNavigation" time="4.428" classname="Academy.HomePage"/>
  <testcase name="basePageNavigation" time="6.567" classname="Academy.HomePage"/>
</testsuite> <!-- Test Home -->
