<?xml version="1.0" encoding="UTF-8"?>
<!-- Generated by org.testng.reporters.JUnitXMLReporter -->
<testsuite hostname="LAPTOP-HM1EOULJ" ignored="0" name="Default test" tests="3" failures="0" timestamp="02 Oct 2018 15:01:25 GMT" time="30.733" errors="0">
  <testcase name="basePageNavigation" time="15.705" classname="Academy.HomePage"/>
  <testcase name="basePageNavigation" time="6.009" classname="Academy.HomePage"/>
  <testcase name="basePageNavigation" time="5.093" classname="Academy.HomePage"/>
</testsuite> <!-- Default test -->
