<?xml version="1.0" encoding="UTF-8"?>
<testng-results skipped="0" failed="1" ignored="0" total="5" passed="4">
  <reporter-output>
  </reporter-output>
  <suite name="Suite" duration-ms="44559" started-at="2018-10-03T14:47:44Z" finished-at="2018-10-03T14:48:29Z">
    <groups>
    </groups>
    <test name="Test title" duration-ms="10750" started-at="2018-10-03T14:47:44Z" finished-at="2018-10-03T14:47:55Z">
      <class name="Academy.validateTitle">
        <test-method status="PASS" signature="initialise()[pri:0, instance:Academy.validateTitle@5876a9af]" name="initialise" is-config="true" duration-ms="7906" started-at="2018-10-03T14:47:44Z" finished-at="2018-10-03T14:47:52Z">
          <reporter-output>
          </reporter-output>
        </test-method> <!-- initialise -->
        <test-method status="FAIL" signature="basePageNavigation()[pri:0, instance:Academy.validateTitle@5876a9af]" name="basePageNavigation" duration-ms="58" started-at="2018-10-03T14:47:52Z" finished-at="2018-10-03T14:47:52Z">
          <exception class="junit.framework.ComparisonFailure">
            <message>
              <![CDATA[expected:<...> but was:<...123>]]>
            </message>
            <full-stacktrace>
              <![CDATA[junit.framework.ComparisonFailure: expected:<...> but was:<...123>
at junit.framework.Assert.assertEquals(Assert.java:81)
at junit.framework.Assert.assertEquals(Assert.java:87)
at Academy.validateTitle.basePageNavigation(validateTitle.java:84)
at sun.reflect.NativeMethodAccessorImpl.invoke0(Native Method)
at sun.reflect.NativeMethodAccessorImpl.invoke(Unknown Source)
at sun.reflect.DelegatingMethodAccessorImpl.invoke(Unknown Source)
at java.lang.reflect.Method.invoke(Unknown Source)
at org.testng.internal.MethodInvocationHelper.invokeMethod(MethodInvocationHelper.java:124)
at org.testng.internal.Invoker.invokeMethod(Invoker.java:580)
at org.testng.internal.Invoker.invokeTestMethod(Invoker.java:716)
at org.testng.internal.Invoker.invokeTestMethods(Invoker.java:988)
at org.testng.internal.TestMethodWorker.invokeTestMethods(TestMethodWorker.java:125)
at org.testng.internal.TestMethodWorker.run(TestMethodWorker.java:109)
at org.testng.TestRunner.privateRun(TestRunner.java:648)
at org.testng.TestRunner.run(TestRunner.java:505)
at org.testng.SuiteRunner.runTest(SuiteRunner.java:455)
at org.testng.SuiteRunner.runSequentially(SuiteRunner.java:450)
at org.testng.SuiteRunner.privateRun(SuiteRunner.java:415)
at org.testng.SuiteRunner.run(SuiteRunner.java:364)
at org.testng.SuiteRunnerWorker.runSuite(SuiteRunnerWorker.java:52)
at org.testng.SuiteRunnerWorker.run(SuiteRunnerWorker.java:84)
at org.testng.TestNG.runSuitesSequentially(TestNG.java:1208)
at org.testng.TestNG.runSuitesLocally(TestNG.java:1137)
at org.testng.TestNG.runSuites(TestNG.java:1049)
at org.testng.TestNG.run(TestNG.java:1017)
at org.testng.remote.AbstractRemoteTestNG.run(AbstractRemoteTestNG.java:114)
at org.testng.remote.RemoteTestNG.initAndRun(RemoteTestNG.java:251)
at org.testng.remote.RemoteTestNG.main(RemoteTestNG.java:77)
]]>
            </full-stacktrace>
          </exception> <!-- junit.framework.ComparisonFailure -->
          <reporter-output>
          </reporter-output>
        </test-method> <!-- basePageNavigation -->
        <test-method status="PASS" signature="tearDown()[pri:0, instance:Academy.validateTitle@5876a9af]" name="tearDown" is-config="true" duration-ms="2111" started-at="2018-10-03T14:47:53Z" finished-at="2018-10-03T14:47:55Z">
          <reporter-output>
          </reporter-output>
        </test-method> <!-- tearDown -->
      </class> <!-- Academy.validateTitle -->
    </test> <!-- Test title -->
    <test name="Test Home" duration-ms="24705" started-at="2018-10-03T14:47:55Z" finished-at="2018-10-03T14:48:20Z">
      <class name="Academy.HomePage">
        <test-method status="PASS" signature="initialise()[pri:0, instance:Academy.HomePage@57a3af25]" name="initialise" is-config="true" duration-ms="2318" started-at="2018-10-03T14:47:55Z" finished-at="2018-10-03T14:47:58Z">
          <reporter-output>
          </reporter-output>
        </test-method> <!-- initialise -->
        <test-method status="PASS" signature="basePageNavigation(java.lang.String, java.lang.String, java.lang.String)[pri:0, instance:Academy.HomePage@57a3af25]" name="basePageNavigation" duration-ms="11147" started-at="2018-10-03T14:47:58Z" data-provider="getData" finished-at="2018-10-03T14:48:09Z">
          <params>
            <param index="0">
              <value>
                <![CDATA[nonrestricteduser@qw.com]]>
              </value>
            </param>
            <param index="1">
              <value>
                <![CDATA[123456]]>
              </value>
            </param>
            <param index="2">
              <value>
                <![CDATA[Non Restrcited user]]>
              </value>
            </param>
          </params>
          <reporter-output>
          </reporter-output>
        </test-method> <!-- basePageNavigation -->
        <test-method status="PASS" signature="basePageNavigation(java.lang.String, java.lang.String, java.lang.String)[pri:0, instance:Academy.HomePage@57a3af25]" name="basePageNavigation" duration-ms="4428" started-at="2018-10-03T14:48:09Z" data-provider="getData" finished-at="2018-10-03T14:48:13Z">
          <params>
            <param index="0">
              <value>
                <![CDATA[restricteduser@qw.com]]>
              </value>
            </param>
            <param index="1">
              <value>
                <![CDATA[456789]]>
              </value>
            </param>
            <param index="2">
              <value>
                <![CDATA[Restrcited user]]>
              </value>
            </param>
          </params>
          <reporter-output>
          </reporter-output>
        </test-method> <!-- basePageNavigation -->
        <test-method status="PASS" signature="basePageNavigation(java.lang.String, java.lang.String, java.lang.String)[pri:0, instance:Academy.HomePage@57a3af25]" name="basePageNavigation" duration-ms="6567" started-at="2018-10-03T14:48:13Z" data-provider="getData" finished-at="2018-10-03T14:48:20Z">
          <params>
            <param index="0">
              <value>
                <![CDATA[thirdsetusername@qw.com]]>
              </value>
            </param>
            <param index="1">
              <value>
                <![CDATA[222222]]>
              </value>
            </param>
            <param index="2">
              <value>
                <![CDATA[Admin user]]>
              </value>
            </param>
          </params>
          <reporter-output>
          </reporter-output>
        </test-method> <!-- basePageNavigation -->
        <test-method status="PASS" signature="tearDown()[pri:0, instance:Academy.HomePage@57a3af25]" name="tearDown" is-config="true" duration-ms="234" started-at="2018-10-03T14:48:20Z" finished-at="2018-10-03T14:48:20Z">
          <reporter-output>
          </reporter-output>
        </test-method> <!-- tearDown -->
      </class> <!-- Academy.HomePage -->
    </test> <!-- Test Home -->
    <test name="Test Navbar" duration-ms="9001" started-at="2018-10-03T14:48:20Z" finished-at="2018-10-03T14:48:29Z">
      <class name="Academy.validateNavigationBar">
        <test-method status="PASS" signature="initialise()[pri:0, instance:Academy.validateNavigationBar@4ec4f3a0]" name="initialise" is-config="true" duration-ms="6583" started-at="2018-10-03T14:48:20Z" finished-at="2018-10-03T14:48:27Z">
          <reporter-output>
          </reporter-output>
        </test-method> <!-- initialise -->
        <test-method status="PASS" signature="basePageNavigation()[pri:0, instance:Academy.validateNavigationBar@4ec4f3a0]" name="basePageNavigation" duration-ms="43" started-at="2018-10-03T14:48:27Z" finished-at="2018-10-03T14:48:27Z">
          <reporter-output>
          </reporter-output>
        </test-method> <!-- basePageNavigation -->
        <test-method status="PASS" signature="tearDown()[pri:0, instance:Academy.validateNavigationBar@4ec4f3a0]" name="tearDown" is-config="true" duration-ms="2372" started-at="2018-10-03T14:48:27Z" finished-at="2018-10-03T14:48:29Z">
          <reporter-output>
          </reporter-output>
        </test-method> <!-- tearDown -->
      </class> <!-- Academy.validateNavigationBar -->
    </test> <!-- Test Navbar -->
  </suite> <!-- Suite -->
</testng-results>
